Name: textures/font/unicode_page_1b
Name: textures/gui/container/generic_54
Name: textures/gui/container/creative_inventory/tab_items
Name: textures/gui/container/cartography_table
Name: textures/gui/container/enchanting_table
Name: textures/gui/container/creative_inventory/tab_item_search
Name: textures/gui/advancements/widgets
Name: textures/gui/container/hopper
Current Y: 512
Y: 0
Row Width: 4096
Texture_Numbers_x: [511, 1023, 1535, 2047, 2559, 3071, 3583, 4095]
Current Y: 1024
Y: 512
Row Width: 4096
Texture_Numbers_x: [511, 1023, 1535, 2047, 2559, 3071, 3583, 4095]
Current Y: 1536
Y: 1024
Row Width: 3712
Texture_Numbers_x: [511, 1023, 1535, 2047, 2559, 2687, 3199, 3711]
Current Y: 2048
Y: 1536
Row Width: 4096
Texture_Numbers_x: [511, 1023, 1535, 2047, 2559, 3071, 3583, 4095]
Current Y: 2560
Y: 2048
Row Width: 4096
Texture_Numbers_x: [511, 1023, 1535, 2047, 2559, 3583, 4095]
Current Y: 3072
Y: 2560
Row Width: 3744
Texture_Numbers_x: [511, 543, 1055, 1567, 2079, 2207, 2719, 3231, 3743]
Current Y: 3584
Y: 3072
Row Width: 4096
Texture_Numbers_x: [511, 1023, 1535, 2047, 2559, 3071, 3583, 4095]
Current Y: 4096
Y: 3584
Row Width: 3980
Texture_Numbers_x: [511, 1023, 1535, 2155, 2411, 2667, 2923, 2955, 3211, 3467, 3723, 3979]
Current Y: 4352
Y: 4096
Row Width: 3969
Texture_Numbers_x: [255, 511, 767, 1023, 1279, 1535, 1663, 1695, 1824, 2080, 2336, 2464, 2592, 2720, 2848, 2976, 3104, 3232, 3360, 3424, 3552, 3808, 3936, 3968]
Current Y: 4480
Y: 4352
Row Width: 4096
Texture_Numbers_x: [127, 255, 383, 511, 639, 767, 895, 1023, 1151, 1279, 1535, 1663, 1791, 1919, 2047, 2175, 2303, 2431, 2687, 2815, 2943, 3071, 3199, 3455, 3583, 3839, 3967, 4095]
Current Y: 4608
Y: 4480
Row Width: 4096
Texture_Numbers_x: [127, 255, 383, 511, 639, 767, 895, 1023, 1151, 1279, 1311, 1439, 1567, 1695, 1823, 1855, 2111, 2239, 2495, 2623, 2751, 2879, 3007, 3135, 3199, 3327, 3455, 3583, 3711, 3839, 3967, 4095]
Current Y: 4736
Y: 4608
Row Width: 3936
Texture_Numbers_x: [127, 255, 383, 415, 671, 799, 1055, 1183, 1311, 1439, 1567, 1695, 1823, 2079, 2207, 2335, 2463, 2591, 2719, 2847, 2975, 3103, 3135, 3263, 3295, 3423, 3679, 3935]
Current Y: 4864
Y: 4736
Row Width: 4032
Texture_Numbers_x: [255, 383, 511, 639, 767, 895, 1023, 1151, 1279, 1407, 1535, 1663, 1791, 1919, 2047, 2175, 2431, 2559, 2591, 2847, 2879, 3007, 3135, 3167, 3199, 3327, 3455, 3583, 3711, 3743, 3871, 3999, 4031]
Current Y: 4992
Y: 4864
Row Width: 4096
Texture_Numbers_x: [127, 255, 383, 511, 767, 895, 1023, 1151, 1407, 1535, 1663, 1791, 2047, 2175, 2303, 2431, 2559, 2687, 2815, 2943, 3199, 3327, 3455, 3711, 3839, 3967, 4095]
Current Y: 5120
Y: 4992
Row Width: 4032
Texture_Numbers_x: [255, 383, 511, 639, 767, 895, 1023, 1151, 1407, 1535, 1663, 1695, 1727, 1855, 1983, 2111, 2239, 2367, 2495, 2623, 2751, 2879, 3007, 3135, 3263, 3391, 3519, 3647, 3775, 3903, 4031]
Current Y: 5248
Y: 5120
Row Width: 4000
Texture_Numbers_x: [127, 159, 287, 415, 543, 671, 799, 927, 1055, 1183, 1311, 1439, 1567, 1695, 1823, 1951, 2079, 2335, 2463, 2591, 2719, 2847, 2975, 3231, 3359, 3487, 3615, 3743, 3871, 3999]
Current Y: 5376
Y: 5248
Row Width: 4096
Texture_Numbers_x: [127, 255, 383, 511, 639, 767, 895, 1023, 1279, 1407, 1535, 1663, 1791, 1919, 2047, 2175, 2303, 2431, 2559, 2687, 2815, 2943, 3071, 3199, 3327, 3455, 3583, 3711, 3839, 3967, 4095]
Current Y: 5504
Y: 5376
Row Width: 3968
Texture_Numbers_x: [127, 255, 383, 511, 639, 767, 895, 1023, 1151, 1279, 1407, 1535, 1663, 1791, 2047, 2175, 2431, 2559, 2815, 2943, 3071, 3199, 3327, 3455, 3583, 3711, 3839, 3967]
Current Y: 5632
Y: 5504
Row Width: 3982
Texture_Numbers_x: [255, 383, 511, 639, 767, 895, 941, 973, 1101, 1133, 1165, 1197, 1325, 1389, 1453, 1581, 1709, 1837, 1901, 2029, 2093, 2125, 2189, 2253, 2349, 2413, 2541, 2669, 2765, 2829, 2893, 3021, 3085, 3213, 3277, 3405, 3469, 3597, 3725, 3853, 3917, 3981]
Current Y: 5696
Y: 5632
Row Width: 4064
Texture_Numbers_x: [127, 255, 383, 511, 575, 703, 831, 959, 1087, 1215, 1279, 1343, 1407, 1535, 1631, 1759, 1823, 1887, 2015, 2079, 2207, 2271, 2399, 2463, 2591, 2719, 2847, 2975, 3039, 3103, 3167, 3295, 3359, 3423, 3551, 3679, 3807, 3935, 4063]
Current Y: 5760
Y: 5696
Row Width: 4064
Texture_Numbers_x: [127, 191, 319, 447, 575, 639, 671, 735, 863, 927, 991, 1119, 1247, 1375, 1503, 1567, 1663, 1727, 1855, 1983, 2047, 2175, 2239, 2367, 2495, 2559, 2687, 2815, 2943, 3007, 3135, 3167, 3295, 3359, 3423, 3551, 3679, 3807, 3935, 4063]
Current Y: 5824
Y: 5760
Row Width: 4024
Texture_Numbers_x: [63, 127, 255, 319, 447, 575, 703, 767, 831, 959, 1023, 1151, 1215, 1279, 1407, 1471, 1535, 1663, 1791, 1855, 1919, 1983, 2111, 2175, 2239, 2367, 2495, 2559, 2687, 2815, 2879, 3007, 3071, 3135, 3199, 3327, 3391, 3455, 3583, 3613, 3725, 3837, 3857, 3897, 3917, 3937, 3999, 4023]
Current Y: 5864
Y: 5824
Row Width: 4084
Texture_Numbers_x: [79, 159, 195, 231, 305, 341, 377, 413, 449, 485, 521, 557, 593, 629, 665, 701, 737, 773, 809, 883, 919, 955, 991, 1027, 1063, 1099, 1135, 1171, 1207, 1243, 1279, 1315, 1351, 1387, 1423, 1459, 1491, 1523, 1555, 1587, 1619, 1651, 1683, 1715, 1747, 1779, 1811, 1843, 1875, 1907, 1939, 1971, 2003, 2035, 2067, 2099, 2131, 2163, 2195, 2227, 2259, 2291, 2323, 2355, 2387, 2419, 2451, 2483, 2515, 2579, 2611, 2643, 2675, 2707, 2739, 2771, 2803, 2835, 2867, 2899, 2931, 2963, 2995, 3027, 3059, 3091, 3123, 3155, 3187, 3219, 3251, 3283, 3315, 3347, 3379, 3411, 3443, 3475, 3507, 3539, 3571, 3603, 3635, 3667, 3699, 3731, 3763, 3795, 3827, 3859, 3891, 3923, 3987, 4019, 4051, 4083]
Current Y: 5896
Y: 5864
Row Width: 4096
Texture_Numbers_x: [31, 63, 95, 127, 159, 191, 223, 255, 287, 319, 351, 383, 415, 447, 479, 511, 543, 575, 607, 639, 671, 703, 735, 767, 799, 831, 863, 895, 927, 959, 991, 1023, 1055, 1087, 1119, 1151, 1183, 1215, 1247, 1279, 1311, 1343, 1375, 1407, 1439, 1471, 1503, 1535, 1567, 1599, 1631, 1663, 1695, 1727, 1759, 1791, 1823, 1855, 1887, 1919, 1951, 1983, 2015, 2047, 2079, 2111, 2143, 2175, 2207, 2239, 2271, 2303, 2335, 2367, 2399, 2431, 2463, 2495, 2527, 2559, 2591, 2623, 2655, 2687, 2719, 2751, 2783, 2815, 2847, 2879, 2911, 2943, 2975, 3007, 3039, 3071, 3103, 3135, 3167, 3199, 3231, 3263, 3295, 3327, 3359, 3391, 3423, 3455, 3487, 3519, 3551, 3583, 3615, 3647, 3679, 3711, 3743, 3775, 3807, 3839, 3871, 3903, 3935, 3967, 3999, 4031, 4063, 4095]
Current Y: 5928
Y: 5896
Row Width: 4096
Texture_Numbers_x: [31, 63, 95, 127, 159, 191, 223, 255, 319, 351, 383, 415, 447, 479, 511, 543, 575, 607, 639, 671, 703, 735, 767, 799, 831, 863, 895, 927, 959, 991, 1023, 1055, 1087, 1119, 1151, 1183, 1215, 1247, 1279, 1311, 1343, 1375, 1407, 1439, 1471, 1503, 1535, 1567, 1599, 1631, 1663, 1695, 1727, 1759, 1791, 1823, 1855, 1887, 1919, 1951, 1983, 2015, 2047, 2079, 2111, 2143, 2175, 2207, 2239, 2271, 2303, 2335, 2367, 2399, 2431, 2463, 2495, 2527, 2559, 2591, 2623, 2655, 2687, 2719, 2751, 2783, 2815, 2847, 2879, 2911, 2943, 2975, 3007, 3039, 3071, 3103, 3135, 3167, 3199, 3231, 3263, 3295, 3327, 3359, 3391, 3423, 3455, 3487, 3519, 3551, 3583, 3615, 3647, 3679, 3711, 3743, 3775, 3807, 3839, 3871, 3903, 3935, 3967, 3999, 4031, 4063, 4095]
Current Y: 5960
Y: 5928
Row Width: 4096
Texture_Numbers_x: [31, 63, 95, 127, 159, 191, 223, 255, 287, 319, 351, 383, 415, 447, 479, 511, 543, 575, 607, 639, 671, 703, 735, 767, 799, 831, 863, 895, 927, 959, 991, 1023, 1055, 1087, 1119, 1151, 1183, 1215, 1247, 1279, 1311, 1343, 1375, 1407, 1439, 1471, 1503, 1535, 1567, 1599, 1631, 1663, 1695, 1727, 1759, 1791, 1823, 1855, 1887, 1919, 1951, 1983, 2015, 2047, 2079, 2111, 2143, 2175, 2207, 2239, 2271, 2303, 2335, 2367, 2399, 2431, 2463, 2495, 2527, 2559, 2591, 2623, 2655, 2687, 2719, 2751, 2783, 2815, 2847, 2879, 2911, 2943, 2975, 3007, 3039, 3071, 3103, 3135, 3167, 3199, 3231, 3263, 3295, 3327, 3359, 3391, 3423, 3455, 3487, 3519, 3551, 3583, 3615, 3647, 3679, 3711, 3743, 3775, 3807, 3839, 3871, 3903, 3935, 3967, 3999, 4031, 4063, 4095]
Current Y: 5992
Y: 5960
Row Width: 4096
Texture_Numbers_x: [31, 63, 95, 127, 159, 191, 223, 255, 287, 319, 351, 383, 415, 447, 479, 511, 543, 575, 607, 639, 671, 703, 735, 767, 799, 831, 863, 895, 927, 959, 991, 1023, 1055, 1087, 1119, 1151, 1183, 1215, 1247, 1279, 1311, 1343, 1375, 1407, 1439, 1471, 1503, 1535, 1567, 1599, 1631, 1663, 1695, 1727, 1759, 1791, 1823, 1855, 1887, 1919, 1951, 1983, 2015, 2047, 2079, 2111, 2143, 2175, 2207, 2239, 2271, 2303, 2335, 2367, 2399, 2431, 2463, 2495, 2527, 2559, 2591, 2623, 2655, 2687, 2719, 2751, 2783, 2815, 2847, 2879, 2911, 2943, 2975, 3007, 3039, 3071, 3103, 3135, 3167, 3199, 3231, 3263, 3295, 3327, 3359, 3391, 3423, 3455, 3487, 3519, 3551, 3583, 3615, 3647, 3679, 3711, 3743, 3775, 3807, 3839, 3871, 3903, 3935, 3967, 3999, 4031, 4063, 4095]
Current Y: 6024
Y: 5992
Row Width: 4096
Texture_Numbers_x: [63, 95, 127, 159, 191, 223, 255, 287, 319, 351, 383, 415, 447, 479, 511, 543, 575, 607, 639, 671, 703, 735, 767, 799, 831, 863, 895, 927, 959, 991, 1023, 1055, 1087, 1119, 1151, 1183, 1215, 1247, 1279, 1311, 1343, 1375, 1407, 1439, 1471, 1503, 1535, 1567, 1599, 1631, 1663, 1695, 1727, 1759, 1791, 1823, 1855, 1887, 1919, 1951, 1983, 2015, 2047, 2079, 2143, 2175, 2207, 2239, 2271, 2303, 2335, 2367, 2399, 2431, 2463, 2495, 2527, 2559, 2591, 2623, 2655, 2687, 2719, 2751, 2783, 2815, 2847, 2879, 2911, 2943, 2975, 3007, 3039, 3071, 3103, 3135, 3167, 3199, 3231, 3263, 3295, 3327, 3359, 3391, 3423, 3455, 3487, 3519, 3551, 3583, 3615, 3647, 3679, 3711, 3743, 3775, 3807, 3839, 3871, 3903, 3935, 3967, 3999, 4031, 4063, 4095]
Current Y: 6056
Y: 6024
Row Width: 4096
Texture_Numbers_x: [31, 63, 95, 127, 159, 191, 223, 255, 287, 319, 351, 383, 415, 447, 479, 511, 543, 575, 607, 639, 671, 703, 735, 767, 799, 831, 863, 895, 927, 959, 991, 1023, 1055, 1087, 1119, 1151, 1183, 1215, 1247, 1279, 1311, 1343, 1375, 1407, 1439, 1471, 1503, 1535, 1567, 1599, 1631, 1663, 1695, 1727, 1759, 1791, 1823, 1855, 1887, 1919, 1951, 1983, 2015, 2047, 2079, 2111, 2143, 2175, 2207, 2239, 2271, 2303, 2335, 2367, 2399, 2431, 2463, 2495, 2527, 2559, 2591, 2623, 2655, 2687, 2719, 2751, 2783, 2815, 2847, 2879, 2911, 2943, 2975, 3007, 3039, 3071, 3103, 3135, 3167, 3199, 3231, 3263, 3295, 3327, 3359, 3391, 3423, 3455, 3487, 3519, 3551, 3583, 3615, 3647, 3679, 3711, 3743, 3775, 3807, 3839, 3871, 3903, 3935, 3967, 3999, 4031, 4063, 4095]
Current Y: 6088
Y: 6056
Row Width: 4080
Texture_Numbers_x: [31, 63, 95, 127, 159, 191, 223, 255, 287, 319, 351, 383, 415, 447, 479, 511, 543, 575, 607, 639, 671, 703, 735, 767, 799, 831, 863, 895, 927, 959, 991, 1023, 1055, 1087, 1119, 1151, 1183, 1215, 1247, 1279, 1311, 1343, 1375, 1407, 1439, 1471, 1503, 1535, 1567, 1599, 1631, 1663, 1695, 1727, 1759, 1791, 1823, 1855, 1887, 1919, 1951, 1983, 2015, 2047, 2079, 2111, 2143, 2175, 2191, 2223, 2255, 2287, 2319, 2351, 2383, 2415, 2447, 2479, 2511, 2543, 2575, 2607, 2639, 2671, 2703, 2735, 2767, 2799, 2831, 2863, 2895, 2927, 2959, 2991, 3023, 3055, 3087, 3119, 3151, 3183, 3215, 3247, 3279, 3311, 3343, 3375, 3471, 3503, 3535, 3567, 3599, 3631, 3663, 3695, 3727, 3759, 3791, 3823, 3855, 3887, 3919, 3951, 3983, 4015, 4047, 4079]
Current Y: 6120
Y: 6088
Row Width: 4096
Texture_Numbers_x: [31, 63, 95, 127, 159, 191, 223, 255, 287, 319, 351, 383, 415, 447, 479, 511, 543, 575, 607, 639, 671, 703, 735, 767, 799, 831, 863, 895, 927, 959, 991, 1023, 1055, 1087, 1119, 1151, 1183, 1215, 1247, 1279, 1311, 1343, 1375, 1407, 1439, 1471, 1503, 1535, 1567, 1599, 1631, 1663, 1695, 1727, 1759, 1791, 1823, 1855, 1887, 1919, 1951, 1983, 2015, 2047, 2079, 2111, 2143, 2175, 2207, 2239, 2271, 2303, 2335, 2367, 2399, 2431, 2463, 2495, 2527, 2559, 2591, 2623, 2655, 2687, 2719, 2751, 2783, 2815, 2847, 2879, 2911, 2943, 2975, 3007, 3039, 3071, 3103, 3135, 3167, 3199, 3231, 3263, 3295, 3327, 3359, 3391, 3423, 3455, 3487, 3519, 3551, 3583, 3615, 3647, 3679, 3711, 3743, 3775, 3807, 3839, 3871, 3903, 3935, 3967, 3999, 4031, 4063, 4095]
Current Y: 6152
Y: 6120
Row Width: 4096
Texture_Numbers_x: [31, 63, 95, 127, 159, 191, 223, 255, 287, 319, 351, 383, 415, 447, 479, 511, 543, 575, 607, 639, 671, 703, 735, 767, 799, 831, 863, 895, 927, 959, 991, 1023, 1055, 1087, 1119, 1151, 1183, 1215, 1247, 1279, 1311, 1343, 1375, 1407, 1439, 1471, 1503, 1535, 1567, 1599, 1631, 1663, 1695, 1727, 1759, 1791, 1823, 1855, 1887, 1919, 1951, 1983, 2015, 2047, 2079, 2111, 2143, 2175, 2207, 2239, 2271, 2303, 2335, 2367, 2399, 2431, 2463, 2495, 2527, 2559, 2591, 2623, 2655, 2687, 2719, 2751, 2783, 2815, 2847, 2879, 2911, 2943, 2975, 3007, 3039, 3071, 3103, 3135, 3167, 3199, 3231, 3263, 3295, 3327, 3359, 3391, 3423, 3455, 3487, 3519, 3551, 3583, 3615, 3647, 3679, 3711, 3743, 3775, 3807, 3839, 3871, 3903, 3935, 3967, 4031, 4063, 4095]
Current Y: 6184
Y: 6152
Row Width: 4096
Texture_Numbers_x: [31, 63, 95, 127, 159, 191, 223, 255, 287, 319, 351, 383, 415, 447, 479, 511, 543, 575, 607, 639, 671, 703, 735, 767, 799, 831, 863, 895, 927, 959, 991, 1023, 1055, 1087, 1119, 1151, 1183, 1215, 1247, 1279, 1311, 1343, 1375, 1407, 1439, 1471, 1503, 1535, 1567, 1599, 1631, 1663, 1695, 1727, 1759, 1791, 1823, 1855, 1887, 1919, 1951, 1983, 2015, 2047, 2079, 2111, 2143, 2175, 2207, 2239, 2271, 2303, 2335, 2367, 2399, 2431, 2463, 2495, 2527, 2559, 2591, 2623, 2655, 2687, 2719, 2751, 2783, 2815, 2847, 2879, 2911, 2943, 2975, 3007, 3039, 3071, 3103, 3135, 3167, 3199, 3231, 3263, 3295, 3327, 3359, 3391, 3423, 3455, 3487, 3519, 3551, 3583, 3615, 3647, 3679, 3711, 3743, 3775, 3807, 3839, 3871, 3903, 3935, 3967, 3999, 4031, 4063, 4095]
Current Y: 6216
Y: 6184
Row Width: 4096
Texture_Numbers_x: [31, 63, 95, 127, 159, 191, 223, 255, 287, 319, 351, 383, 415, 447, 479, 511, 543, 575, 607, 639, 671, 703, 735, 767, 799, 831, 863, 895, 927, 959, 991, 1023, 1055, 1087, 1119, 1151, 1183, 1215, 1247, 1279, 1311, 1343, 1375, 1407, 1439, 1471, 1503, 1535, 1567, 1599, 1631, 1663, 1695, 1727, 1759, 1791, 1823, 1855, 1887, 1919, 1951, 1983, 2015, 2047, 2079, 2111, 2143, 2175, 2207, 2239, 2271, 2303, 2335, 2367, 2399, 2431, 2463, 2495, 2527, 2559, 2591, 2623, 2655, 2687, 2719, 2751, 2783, 2815, 2847, 2879, 2911, 2943, 2975, 3007, 3039, 3071, 3103, 3135, 3167, 3199, 3231, 3263, 3295, 3327, 3359, 3391, 3423, 3455, 3487, 3519, 3551, 3583, 3615, 3647, 3679, 3711, 3743, 3775, 3807, 3839, 3871, 3903, 3935, 3967, 3999, 4031, 4063, 4095]
Current Y: 6248
Y: 6216
Row Width: 4096
Texture_Numbers_x: [31, 63, 95, 127, 159, 191, 223, 255, 287, 319, 351, 383, 415, 447, 479, 511, 543, 575, 607, 639, 671, 703, 735, 767, 799, 831, 863, 895, 927, 959, 991, 1023, 1055, 1087, 1119, 1151, 1183, 1215, 1247, 1279, 1311, 1343, 1375, 1407, 1439, 1471, 1503, 1535, 1567, 1599, 1631, 1663, 1695, 1727, 1759, 1791, 1823, 1855, 1887, 1919, 1951, 1983, 2015, 2047, 2079, 2111, 2143, 2175, 2207, 2239, 2271, 2303, 2335, 2367, 2399, 2431, 2463, 2495, 2527, 2559, 2591, 2623, 2655, 2687, 2719, 2751, 2783, 2815, 2847, 2879, 2911, 2943, 2975, 3007, 3039, 3071, 3103, 3135, 3167, 3199, 3231, 3263, 3295, 3327, 3359, 3391, 3423, 3455, 3487, 3519, 3551, 3583, 3615, 3647, 3679, 3711, 3743, 3775, 3807, 3839, 3871, 3903, 3935, 3967, 3999, 4031, 4063, 4095]
Current Y: 6280
Y: 6248
Row Width: 4096
Texture_Numbers_x: [31, 63, 95, 127, 159, 191, 223, 255, 287, 319, 351, 383, 415, 447, 479, 511, 543, 575, 607, 639, 671, 703, 735, 767, 799, 831, 863, 895, 927, 959, 991, 1023, 1055, 1087, 1119, 1151, 1183, 1215, 1247, 1279, 1311, 1343, 1375, 1407, 1439, 1471, 1503, 1535, 1567, 1599, 1631, 1663, 1695, 1727, 1759, 1791, 1823, 1855, 1887, 1919, 1951, 1983, 2015, 2047, 2079, 2111, 2143, 2175, 2207, 2239, 2271, 2303, 2335, 2367, 2399, 2431, 2463, 2495, 2527, 2559, 2591, 2623, 2655, 2687, 2719, 2751, 2783, 2815, 2847, 2879, 2911, 2943, 2975, 3007, 3039, 3071, 3103, 3135, 3167, 3199, 3231, 3263, 3295, 3327, 3359, 3391, 3423, 3455, 3487, 3519, 3551, 3583, 3615, 3647, 3679, 3711, 3743, 3775, 3807, 3839, 3871, 3903, 3935, 3967, 3999, 4031, 4063, 4095]
Current Y: 6312
Y: 6280
Row Width: 4096
Texture_Numbers_x: [31, 63, 95, 127, 159, 191, 223, 255, 287, 319, 351, 383, 415, 447, 479, 511, 543, 575, 607, 639, 671, 703, 735, 767, 799, 831, 863, 895, 927, 959, 991, 1023, 1055, 1087, 1119, 1151, 1183, 1215, 1247, 1279, 1311, 1343, 1375, 1407, 1439, 1471, 1503, 1535, 1567, 1599, 1631, 1663, 1695, 1727, 1759, 1791, 1823, 1855, 1887, 1919, 1951, 1983, 2015, 2047, 2079, 2335, 2367, 2399, 2431, 2463, 2495, 2527, 2559, 2591, 2623, 2655, 2687, 2719, 2751, 2783, 2815, 2847, 2879, 2911, 2943, 2975, 3007, 3039, 3071, 3103, 3135, 3167, 3199, 3231, 3263, 3295, 3327, 3359, 3391, 3423, 3455, 3487, 3519, 3551, 3583, 3615, 3647, 3679, 3711, 3743, 3775, 3807, 3839, 3903, 3935, 3967, 3999, 4031, 4063, 4095]
Current Y: 6344
Y: 6312
Row Width: 1960
Texture_Numbers_x: [31, 63, 95, 127, 159, 191, 223, 255, 287, 319, 351, 383, 415, 475, 535, 551, 567, 583, 599, 615, 631, 647, 663, 679, 695, 711, 727, 743, 759, 775, 791, 807, 823, 839, 855, 871, 887, 903, 919, 935, 951, 967, 983, 999, 1015, 1031, 1047, 1063, 1079, 1095, 1111, 1127, 1143, 1159, 1175, 1191, 1207, 1223, 1239, 1255, 1271, 1287, 1303, 1319, 1335, 1351, 1367, 1383, 1399, 1415, 1431, 1447, 1463, 1479, 1495, 1511, 1527, 1543, 1559, 1575, 1591, 1607, 1623, 1639, 1655, 1671, 1687, 1703, 1719, 1735, 1751, 1767, 1783, 1799, 1815, 1831, 1847, 1863, 1879, 1895, 1911, 1927, 1943, 1959]
